2025-05-17 09:00:37 INFO  - Reflections took 56 ms to scan 1 urls, producing 16 keys and 54 values
2025-05-17 09:00:46 INFO  - Запуск консольного интерфейса...
2025-05-17 09:02:21 INFO  - Завершение программы
2025-05-17 09:36:24 INFO  - Reflections took 56 ms to scan 1 urls, producing 16 keys and 54 values
2025-05-17 09:36:26 INFO  - Запуск консольного интерфейса...
2025-05-17 09:36:29 INFO  - Пользователь ввел мастер-пароль
2025-05-17 09:36:42 INFO  - Добавлена запись для сайта "lskdfj"
2025-05-17 09:36:56 INFO  - Скопирован пароль для сайта "lskdfj" в буфер обмена
2025-05-17 09:39:52 INFO  - Reflections took 47 ms to scan 1 urls, producing 16 keys and 54 values
2025-05-17 09:39:55 INFO  - Запуск консольного интерфейса...
2025-05-17 09:39:56 INFO  - Пользователь ввел мастер-пароль
2025-05-17 09:40:03 INFO  - Добавлена запись для сайта "lsdkfj"
2025-05-17 09:40:12 INFO  - Скопирован пароль для сайта "lsdkfj" в буфер обмена
2025-05-17 10:44:34 INFO  - Reflections took 105 ms to scan 1 urls, producing 16 keys and 54 values
2025-05-17 10:44:38 INFO  - Запуск консольного интерфейса...
2025-05-17 10:44:41 INFO  - Пользователь ввел мастер-пароль
2025-05-17 10:44:49 INFO  - Добавлена запись для сайта "lskdjf"
2025-05-17 10:45:06 INFO  - Скопирован пароль для сайта "lskdjf" в буфер обмена
2025-05-17 10:45:19 WARN  - Пользователем введена неправильная опция
2025-05-17 10:45:19 WARN  - Пользователем введена неправильная опция
2025-05-17 10:45:25 WARN  - Пользователем введена неправильная опция
2025-05-17 10:45:41 INFO  - Попытка удаления записи для сайта "lskdjf"
2025-05-17 10:46:43 INFO  - Reflections took 95 ms to scan 1 urls, producing 16 keys and 54 values
2025-05-17 10:46:49 INFO  - Reflections took 89 ms to scan 1 urls, producing 16 keys and 54 values
2025-05-17 10:46:51 INFO  - Запуск консольного интерфейса...
2025-05-17 10:46:53 INFO  - Пользователь ввел мастер-пароль
2025-05-17 10:47:00 INFO  - Добавлена запись для сайта "lskdfj"
2025-05-17 10:47:04 INFO  - Завершение программы
2025-05-17 11:43:22 INFO  - Reflections took 89 ms to scan 1 urls, producing 16 keys and 54 values
2025-05-17 11:43:28 INFO  - Запуск консольного интерфейса...
2025-05-17 11:43:31 INFO  - Пользователь ввел мастер-пароль
2025-05-17 11:43:36 INFO  - Добавлена запись для сайта "sldkfj"
2025-05-17 11:43:39 INFO  - Завершение программы
2025-05-17 11:56:57 INFO  - Reflections took 110 ms to scan 1 urls, producing 16 keys and 54 values
2025-05-17 11:57:00 INFO  - Запуск консольного интерфейса...
2025-05-17 11:57:03 INFO  - Пользователь ввел мастер-пароль
2025-05-17 11:59:30 INFO  - Добавлена запись для сайта "laskdjf"
2025-05-17 11:59:38 INFO  - Скопирован пароль для сайта "laskdjf" в буфер обмена
